Compiling the CXX compiler identification source file "CMakeCXXCompilerId.cpp" failed.
Compiler: CMAKE_CXX_COMPILER-NOTFOUND 
Build flags: 
Id flags:  

The output was:
No such file or directory


Compiling the CXX compiler identification source file "CMakeCXXCompilerId.cpp" failed.
Compiler: CMAKE_CXX_COMPILER-NOTFOUND 
Build flags: 
Id flags: -c 

The output was:
No such file or directory


Compiling the CXX compiler identification source file "CMakeCXXCompilerId.cpp" failed.
Compiler: CMAKE_CXX_COMPILER-NOTFOUND 
Build flags: 
Id flags: --c++ 

The output was:
No such file or directory


Compiling the CXX compiler identification source file "CMakeCXXCompilerId.cpp" failed.
Compiler: CMAKE_CXX_COMPILER-NOTFOUND 
Build flags: 
Id flags: --ec++ 

The output was:
No such file or directory


Compiling the CXX compiler identification source file "CMakeCXXCompilerId.cpp" failed.
Compiler: CMAKE_CXX_COMPILER-NOTFOUND 
Build flags: 
Id flags:  

The output was:
No such file or directory


Compiling the CXX compiler identification source file "CMakeCXXCompilerId.cpp" failed.
Compiler: CMAKE_CXX_COMPILER-NOTFOUND 
Build flags: 
Id flags: -c 

The output was:
No such file or directory


Compiling the CXX compiler identification source file "CMakeCXXCompilerId.cpp" failed.
Compiler: CMAKE_CXX_COMPILER-NOTFOUND 
Build flags: 
Id flags: --c++ 

The output was:
No such file or directory


Compiling the CXX compiler identification source file "CMakeCXXCompilerId.cpp" failed.
Compiler: CMAKE_CXX_COMPILER-NOTFOUND 
Build flags: 
Id flags: --ec++ 

The output was:
No such file or directory


Compiling the CXX compiler identification source file "CMakeCXXCompilerId.cpp" failed.
Compiler: CMAKE_CXX_COMPILER-NOTFOUND 
Build flags: 
Id flags:  

The output was:
No such file or directory


Compiling the CXX compiler identification source file "CMakeCXXCompilerId.cpp" failed.
Compiler: CMAKE_CXX_COMPILER-NOTFOUND 
Build flags: 
Id flags: -c 

The output was:
No such file or directory


Compiling the CXX compiler identification source file "CMakeCXXCompilerId.cpp" failed.
Compiler: CMAKE_CXX_COMPILER-NOTFOUND 
Build flags: 
Id flags: --c++ 

The output was:
No such file or directory


Compiling the CXX compiler identification source file "CMakeCXXCompilerId.cpp" failed.
Compiler: CMAKE_CXX_COMPILER-NOTFOUND 
Build flags: 
Id flags: --ec++ 

The output was:
No such file or directory


Compiling the CXX compiler identification source file "CMakeCXXCompilerId.cpp" failed.
Compiler: CMAKE_CXX_COMPILER-NOTFOUND 
Build flags: 
Id flags:  

The output was:
No such file or directory


Compiling the CXX compiler identification source file "CMakeCXXCompilerId.cpp" failed.
Compiler: CMAKE_CXX_COMPILER-NOTFOUND 
Build flags: 
Id flags: -c 

The output was:
No such file or directory


Compiling the CXX compiler identification source file "CMakeCXXCompilerId.cpp" failed.
Compiler: CMAKE_CXX_COMPILER-NOTFOUND 
Build flags: 
Id flags: --c++ 

The output was:
No such file or directory


Compiling the CXX compiler identification source file "CMakeCXXCompilerId.cpp" failed.
Compiler: CMAKE_CXX_COMPILER-NOTFOUND 
Build flags: 
Id flags: --ec++ 

The output was:
No such file or directory


Compiling the CXX compiler identification source file "CMakeCXXCompilerId.cpp" failed.
Compiler: CMAKE_CXX_COMPILER-NOTFOUND 
Build flags: 
Id flags:  

The output was:
No such file or directory


Compiling the CXX compiler identification source file "CMakeCXXCompilerId.cpp" failed.
Compiler: CMAKE_CXX_COMPILER-NOTFOUND 
Build flags: 
Id flags: -c 

The output was:
No such file or directory


Compiling the CXX compiler identification source file "CMakeCXXCompilerId.cpp" failed.
Compiler: CMAKE_CXX_COMPILER-NOTFOUND 
Build flags: 
Id flags: --c++ 

The output was:
No such file or directory


Compiling the CXX compiler identification source file "CMakeCXXCompilerId.cpp" failed.
Compiler: CMAKE_CXX_COMPILER-NOTFOUND 
Build flags: 
Id flags: --ec++ 

The output was:
No such file or directory


Compiling the CXX compiler identification source file "CMakeCXXCompilerId.cpp" failed.
Compiler: CMAKE_CXX_COMPILER-NOTFOUND 
Build flags: 
Id flags:  

The output was:
No such file or directory


Compiling the CXX compiler identification source file "CMakeCXXCompilerId.cpp" failed.
Compiler: CMAKE_CXX_COMPILER-NOTFOUND 
Build flags: 
Id flags: -c 

The output was:
No such file or directory


Compiling the CXX compiler identification source file "CMakeCXXCompilerId.cpp" failed.
Compiler: CMAKE_CXX_COMPILER-NOTFOUND 
Build flags: 
Id flags: --c++ 

The output was:
No such file or directory


Compiling the CXX compiler identification source file "CMakeCXXCompilerId.cpp" failed.
Compiler: CMAKE_CXX_COMPILER-NOTFOUND 
Build flags: 
Id flags: --ec++ 

The output was:
No such file or directory


Determining if the pthread_create exist failed with the following output:
Change Dir: /home/thanhcong/Desktop/Advance_C/Multi_Server/source/CMakeFiles/CMakeTmp

Run Build Command:"/usr/bin/make" "cmTC_f2d4f/fast"
/usr/bin/make -f CMakeFiles/cmTC_f2d4f.dir/build.make CMakeFiles/cmTC_f2d4f.dir/build
make[1]: Entering directory '/home/thanhcong/Desktop/Advance_C/Multi_Server/source/CMakeFiles/CMakeTmp'
Building C object CMakeFiles/cmTC_f2d4f.dir/CheckSymbolExists.c.o
/usr/bin/cc    -o CMakeFiles/cmTC_f2d4f.dir/CheckSymbolExists.c.o   -c /home/thanhcong/Desktop/Advance_C/Multi_Server/source/CMakeFiles/CMakeTmp/CheckSymbolExists.c
Linking C executable cmTC_f2d4f
/usr/bin/cmake -E cmake_link_script CMakeFiles/cmTC_f2d4f.dir/link.txt --verbose=1
/usr/bin/cc      -rdynamic CMakeFiles/cmTC_f2d4f.dir/CheckSymbolExists.c.o  -o cmTC_f2d4f 
CMakeFiles/cmTC_f2d4f.dir/CheckSymbolExists.c.o: In function `main':
CheckSymbolExists.c:(.text+0x1b): undefined reference to `pthread_create'
collect2: error: ld returned 1 exit status
CMakeFiles/cmTC_f2d4f.dir/build.make:97: recipe for target 'cmTC_f2d4f' failed
make[1]: *** [cmTC_f2d4f] Error 1
make[1]: Leaving directory '/home/thanhcong/Desktop/Advance_C/Multi_Server/source/CMakeFiles/CMakeTmp'
Makefile:126: recipe for target 'cmTC_f2d4f/fast' failed
make: *** [cmTC_f2d4f/fast] Error 2

File /home/thanhcong/Desktop/Advance_C/Multi_Server/source/CMakeFiles/CMakeTmp/CheckSymbolExists.c:
/* */
#include <pthread.h>

int main(int argc, char** argv)
{
  (void)argv;
#ifndef pthread_create
  return ((int*)(&pthread_create))[argc];
#else
  (void)argc;
  return 0;
#endif
}

Determining if the pthread_create exist failed with the following output:
Change Dir: /home/thanhcong/Desktop/Advance_C/Multi_Server/source/CMakeFiles/CMakeTmp

Run Build Command:"/usr/bin/make" "cmTC_72dda/fast"
make[1]: Entering directory '/home/thanhcong/Desktop/Advance_C/Multi_Server/source/CMakeFiles/CMakeTmp'
/usr/bin/make -f CMakeFiles/cmTC_72dda.dir/build.make CMakeFiles/cmTC_72dda.dir/build
make[2]: Entering directory '/home/thanhcong/Desktop/Advance_C/Multi_Server/source/CMakeFiles/CMakeTmp'
Building C object CMakeFiles/cmTC_72dda.dir/CheckSymbolExists.c.o
/usr/bin/cc    -o CMakeFiles/cmTC_72dda.dir/CheckSymbolExists.c.o   -c /home/thanhcong/Desktop/Advance_C/Multi_Server/source/CMakeFiles/CMakeTmp/CheckSymbolExists.c
Linking C executable cmTC_72dda
/usr/bin/cmake -E cmake_link_script CMakeFiles/cmTC_72dda.dir/link.txt --verbose=1
/usr/bin/cc      -rdynamic CMakeFiles/cmTC_72dda.dir/CheckSymbolExists.c.o  -o cmTC_72dda 
CMakeFiles/cmTC_72dda.dir/CheckSymbolExists.c.o: In function `main':
CheckSymbolExists.c:(.text+0x1b): undefined reference to `pthread_create'
collect2: error: ld returned 1 exit status
CMakeFiles/cmTC_72dda.dir/build.make:97: recipe for target 'cmTC_72dda' failed
make[2]: *** [cmTC_72dda] Error 1
make[2]: Leaving directory '/home/thanhcong/Desktop/Advance_C/Multi_Server/source/CMakeFiles/CMakeTmp'
Makefile:126: recipe for target 'cmTC_72dda/fast' failed
make[1]: *** [cmTC_72dda/fast] Error 2
make[1]: Leaving directory '/home/thanhcong/Desktop/Advance_C/Multi_Server/source/CMakeFiles/CMakeTmp'

File /home/thanhcong/Desktop/Advance_C/Multi_Server/source/CMakeFiles/CMakeTmp/CheckSymbolExists.c:
/* */
#include <pthread.h>

int main(int argc, char** argv)
{
  (void)argv;
#ifndef pthread_create
  return ((int*)(&pthread_create))[argc];
#else
  (void)argc;
  return 0;
#endif
}

